100
11340
12
1204
13
15
1722
1950s
1974
1977
198485
1985
20
209
27
28
28670
3
30000
31
3267
50000
53254
5387
70
9000
accept
access
accession
accomplished
account
act
actively
actual
added
admit
ag
amend
annual
another
anti
anticipated
applied
arbitrary
around
article
aware
backing
based
began
behaviour
benefit
better
bought
business
called
calls
carmaker
cars
case
cases
categories
centralled
centre
chairman
cheap
chen
city
coincide
combination
commercial
communism
communist
company
control
controlled
costcutting
costs
counsellor
currency
currently
czechoslovakia
dalian
date
de
deal
decline
deficit
demands
designed
despite
develop
difficulties
director
discard
discussions
disrupt
dlrs
dollar
dollardenominated
dominated
dozen
dr
drop
dropped
dual
early
ease
easing
economies
economy
ending
engineering
enhance
every
except
exclude
expectations
export
facilities
facing
fact
facto
fell
finance
first
forecasts
fulfilling
full
gain
generalised
german
germany
getting
give
gradually
grey
guidance
half
hcf
hedged
hedging
heinz
help
high
higher
hong
hungary
illegal
improvement
inaccurate
influences
ing
initiated
instruction
interest
involving
issue
issues
join
joining
july
kinds
kong
labour
large
larger
lead
least
legislation
levers
limit
lobby
locally
lower
made
mainly
managing
mandatory
many
march
mark
market
markets
massive
maximum
may
meeting
member
members
membership
memorandum
month
months
much
must
named
needed
nervous
newspaper
none
normal
northeast
obtain
opportunities
orders
origin
outofdate
overnight
participating
participation
pct
percentage
period
persaude
persuade
peter
placed
planned
planning
play
poland
political
pool
pose
post
precedent
preference
prejudice
presented
prevent
preventing
previously
price
prices
pricing
problems
process
produce
protectionist
pshgf
published
put
qualify
quickly
raised
recent
reduce
reforming
regard
related
remove
replacing
replied
research
respect
restrain
restraints
result
reuter
rise
rises
rising
role
romania
rules
says
seeking
seen
several
sharply
shibiao
shipped
shows
sides
signed
similar
since
socalled
specific
speech
sports
states
steel
still
stood
strict
strong
stuttgart
subject
suffering
sufficient
table
tariff
tariffs
textiles
thirdparty
time
top
transfer
transshipped
treatment
type
united
uschina
vast
visit
voluntarily
voluntary
wants
washington
week
weissach
welcomed
well
will
willingness
withdraw
within
without
won
world
worldwide
year
