10000_txt_earn
10054_txt_earn
10080_txt_crude
10094_txt_earn
10097_txt_earn
1009_txt_earn
10114_txt_earn
1011_txt_earn
10130_txt_earn
1013_txt_earn
10146_txt_acq
1015_txt_earn
10192_txt_crude
10196_txt_earn
10200_txt_crude
10233_txt_earn
10255_txt_trade
10347_txt_trade
10355_txt_trade
10375_txt_trade
10398_txt_earn
10414_txt_acq
10423_txt_acq
10427_txt_earn
10440_txt_earn
10455_txt_trade
10458_txt_acq
10462_txt_acq
10464_txt_interest
10508_txt_acq
10518_txt_acq
10545_txt_interest
10601_txt_earn
10608_txt_trade
10623_txt_trade
10632_txt_crude
10642_txt_trade
10665_txt_trade
1066_txt_earn
10693_txt_crude
10695_txt_trade
10721_txt_acq
10738_txt_earn
10750_txt_crude
10767_txt_trade
10768_txt_acq
10779_txt_trade
10781_txt_trade
10784_txt_acq
10788_txt_acq
1078_txt_interest
10822_txt_earn
10825_txt_trade
10832_txt_earn
10833_txt_earn
10843_txt_acq
10845_txt_crude
10856_txt_earn
10870_txt_earn
10872_txt_acq
10873_txt_crude
10877_txt_earn
10879_txt_earn
10883_txt_acq
10885_txt_earn
10894_txt_earn
10905_txt_trade
10918_txt_acq
10919_txt_earn
10944_txt_earn
10947_txt_crude
10960_txt_acq
10985_txt_acq
11007_txt_crude
11025_txt_crude
1103_txt_acq
11076_txt_trade
11088_txt_acq
11095_txt_acq
110_txt_acq
11113_txt_acq
11115_txt_earn
11118_txt_crude
11123_txt_earn
11132_txt_earn
11149_txt_crude
11153_txt_earn
11174_txt_trade
11177_txt_acq
1117_txt_earn
11192_txt_acq
11198_txt_trade
11202_txt_acq
11220_txt_earn
11221_txt_earn
11222_txt_trade
11225_txt_trade
11242_txt_acq
11257_txt_acq
1125_txt_interest
11285_txt_acq
11299_txt_acq
11314_txt_interest
11315_txt_trade
11320_txt_earn
11324_txt_acq
11338_txt_earn
11344_txt_acq
11352_txt_trade
11370_txt_earn
11373_txt_acq
11378_txt_acq
1137_txt_earn
11390_txt_trade
11425_txt_interest
11446_txt_trade
11455_txt_crude
11492_txt_acq
11497_txt_earn
11498_txt_trade
11503_txt_earn
11529_txt_earn
1152_txt_earn
11555_txt_trade
11559_txt_crude
11563_txt_acq
11568_txt_earn
11574_txt_trade
11575_txt_earn
11578_txt_earn
11580_txt_trade
11588_txt_earn
11597_txt_acq
11621_txt_earn
11630_txt_earn
11633_txt_earn
11636_txt_earn
11639_txt_crude
11643_txt_earn
11657_txt_acq
11658_txt_trade
11663_txt_earn
11666_txt_earn
11685_txt_earn
11707_txt_acq
11717_txt_earn
11721_txt_earn
11722_txt_acq
11736_txt_earn
11746_txt_interest
11755_txt_acq
11758_txt_earn
11763_txt_acq
11771_txt_trade
11802_txt_earn
11817_txt_interest
11822_txt_acq
1182_txt_earn
11831_txt_interest
11837_txt_acq
11848_txt_interest
11855_txt_earn
11858_txt_interest
11861_txt_interest
11873_txt_acq
11878_txt_earn
11884_txt_earn
11891_txt_acq
11892_txt_acq
11904_txt_earn
11907_txt_interest
11913_txt_interest
11916_txt_acq
11920_txt_acq
11933_txt_earn
11934_txt_interest
11940_txt_interest
11941_txt_interest
11960_txt_interest
11962_txt_acq
11979_txt_earn
11980_txt_earn
11989_txt_interest
11_txt_earn
12010_txt_interest
12016_txt_interest
12035_txt_earn
12040_txt_interest
12042_txt_earn
12044_txt_earn
12063_txt_earn
12073_txt_interest
12084_txt_interest
12101_txt_interest
12102_txt_interest
1210_txt_trade
12112_txt_interest
12122_txt_interest
12125_txt_interest
12131_txt_interest
12147_txt_interest
12172_txt_acq
12173_txt_acq
12176_txt_earn
12186_txt_acq
12197_txt_interest
12201_txt_earn
12203_txt_acq
12204_txt_earn
12211_txt_earn
12221_txt_acq
12229_txt_interest
12231_txt_earn
12235_txt_interest
12240_txt_earn
12246_txt_interest
12250_txt_acq
12258_txt_earn
12259_txt_interest
1225_txt_earn
12260_txt_interest
12266_txt_earn
1226_txt_trade
12274_txt_interest
12278_txt_interest
12286_txt_crude
12294_txt_earn
12302_txt_interest
12305_txt_acq
12309_txt_acq
12316_txt_interest
12318_txt_earn
12333_txt_interest
12336_txt_interest
12353_txt_earn
12380_txt_earn
12383_txt_earn
12389_txt_earn
1238_txt_acq
12395_txt_acq
12397_txt_earn
12398_txt_interest
12454_txt_acq
12457_txt_trade
12463_txt_earn
12469_txt_interest
12473_txt_trade
12483_txt_interest
12492_txt_acq
12503_txt_crude
12504_txt_acq
12506_txt_earn
12509_txt_interest
12514_txt_interest
12521_txt_earn
12546_txt_acq
12571_txt_interest
1258_txt_earn
12592_txt_interest
12600_txt_acq
12602_txt_trade
12616_txt_earn
12627_txt_interest
12629_txt_acq
12630_txt_earn
12632_txt_interest
12657_txt_interest
12658_txt_earn
12672_txt_earn
12677_txt_acq
12680_txt_crude
12687_txt_interest
12694_txt_interest
12696_txt_interest
12697_txt_acq
12702_txt_acq
12715_txt_earn
12731_txt_interest
12732_txt_interest
12755_txt_trade
12759_txt_acq
1276_txt_acq
12774_txt_interest
12775_txt_crude
12783_txt_earn
127_txt_crude
12810_txt_interest
12846_txt_interest
12848_txt_trade
12862_txt_earn
12880_txt_interest
12883_txt_acq
12886_txt_earn
12889_txt_acq
1288_txt_earn
12890_txt_acq
12908_txt_interest
12912_txt_interest
12919_txt_interest
12940_txt_crude
13005_txt_acq
13008_txt_interest
13039_txt_trade
13046_txt_trade
13056_txt_crude
1306_txt_crude
13085_txt_acq
13095_txt_acq
13096_txt_crude
130_txt_earn
13103_txt_acq
13115_txt_crude
13142_txt_crude
1314_txt_earn
1315_txt_earn
13182_txt_acq
13184_txt_crude
13194_txt_acq
13200_txt_crude
13212_txt_acq
13231_txt_interest
13236_txt_crude
13256_txt_crude
13262_txt_interest
13263_txt_earn
13266_txt_crude
13276_txt_crude
1327_txt_earn
13280_txt_crude
13281_txt_crude
13290_txt_crude
13291_txt_crude
13321_txt_interest
1343_txt_crude
1344_txt_earn
1347_txt_trade
13482_txt_trade
1351_txt_earn
13543_txt_interest
1354_txt_acq
1356_txt_trade
13611_txt_crude
13633_txt_crude
13714_txt_acq
1375_txt_earn
1384_txt_earn
1387_txt_crude
13966_txt_earn
14028_txt_acq
14099_txt_acq
1409_txt_acq
140_txt_earn
14199_txt_trade
14263_txt_acq
14270_txt_interest
1427_txt_interest
14282_txt_earn
14324_txt_earn
1438_txt_earn
14395_txt_crude
14427_txt_earn
1446_txt_earn
14517_txt_earn
1452_txt_earn
14540_txt_earn
145_txt_earn
1460_txt_earn
1461_txt_earn
14622_txt_earn
14623_txt_acq
14630_txt_earn
14642_txt_interest
1467_txt_earn
14739_txt_trade
1478_txt_trade
1480_txt_acq
14826_txt_trade
14843_txt_acq
14859_txt_earn
14865_txt_acq
14904_txt_trade
14954_txt_earn
14962_txt_earn
14971_txt_earn
1497_txt_acq
14995_txt_earn
15004_txt_acq
15005_txt_earn
15006_txt_earn
15049_txt_interest
15052_txt_acq
15061_txt_acq
15096_txt_interest
15107_txt_earn
15121_txt_earn
15149_txt_acq
15154_txt_trade
15197_txt_earn
151_txt_earn
15217_txt_acq
15223_txt_trade
15227_txt_earn
15230_txt_crude
15239_txt_acq
15244_txt_crude
15276_txt_acq
15295_txt_earn
15296_txt_earn
15352_txt_trade
15354_txt_earn
15366_txt_acq
15384_txt_interest
15386_txt_trade
15396_txt_earn
15410_txt_interest
1541_txt_earn
15430_txt_trade
15447_txt_trade
15468_txt_acq
15476_txt_earn
15501_txt_acq
15550_txt_interest
15558_txt_earn
15560_txt_interest
15561_txt_acq
15570_txt_earn
15578_txt_interest
15579_txt_interest
15585_txt_earn
15600_txt_acq
15610_txt_interest
15674_txt_earn
15679_txt_earn
15691_txt_earn
1569_txt_earn
15703_txt_earn
15736_txt_earn
15762_txt_earn
15816_txt_interest
1581_txt_acq
15821_txt_earn
15832_txt_earn
15840_txt_trade
15885_txt_acq
15888_txt_earn
1588_txt_trade
15894_txt_acq
15900_txt_acq
15939_txt_crude
15944_txt_earn
15961_txt_acq
15964_txt_crude
15984_txt_earn
16005_txt_crude
16015_txt_earn
16029_txt_acq
1602_txt_earn
16052_txt_trade
16074_txt_interest
16075_txt_interest
16077_txt_crude
16088_txt_trade
16094_txt_trade
16096_txt_interest
16120_txt_interest
16125_txt_trade
16126_txt_trade
16136_txt_acq
16139_txt_trade
16150_txt_interest
16163_txt_acq
1616_txt_crude
16176_txt_acq
16206_txt_earn
16207_txt_earn
16214_txt_interest
16215_txt_acq
16246_txt_earn
16256_txt_trade
16257_txt_trade
16274_txt_interest
16278_txt_earn
1628_txt_acq
16297_txt_earn
16304_txt_interest
16342_txt_earn
16347_txt_earn
16354_txt_earn
16357_txt_trade
16371_txt_earn
16374_txt_earn
16377_txt_earn
16388_txt_earn
16407_txt_interest
16409_txt_acq
16410_txt_earn
16417_txt_earn
16429_txt_crude
16434_txt_earn
1643_txt_earn
16457_txt_acq
16458_txt_earn
16486_txt_earn
16487_txt_earn
16492_txt_earn
16493_txt_acq
16496_txt_earn
16522_txt_earn
16531_txt_acq
16555_txt_acq
16563_txt_acq
16588_txt_earn
16591_txt_acq
16607_txt_crude
16619_txt_earn
16636_txt_crude
16641_txt_earn
16644_txt_earn
16648_txt_acq
16649_txt_crude
16651_txt_crude
16658_txt_crude
16667_txt_acq
16672_txt_earn
16677_txt_acq
16680_txt_acq
16681_txt_interest
16684_txt_acq
16685_txt_acq
16700_txt_acq
16710_txt_crude
16725_txt_earn
16739_txt_crude
1675_txt_trade
16762_txt_crude
16774_txt_trade
1677_txt_earn
16787_txt_trade
16788_txt_trade
16794_txt_trade
16797_txt_earn
1679_txt_acq
16801_txt_earn
16812_txt_earn
16814_txt_earn
16815_txt_earn
16824_txt_earn
16848_txt_earn
1684_txt_acq
16856_txt_trade
16871_txt_trade
16872_txt_acq
16874_txt_acq
16890_txt_earn
1689_txt_earn
16910_txt_earn
16911_txt_earn
16916_txt_earn
16921_txt_earn
16926_txt_trade
16929_txt_trade
1692_txt_crude
16932_txt_trade
16935_txt_trade
16939_txt_crude
16941_txt_acq
16946_txt_trade
1694_txt_acq
16957_txt_trade
16961_txt_crude
16964_txt_trade
16973_txt_trade
16995_txt_acq
16997_txt_crude
169_txt_earn
17003_txt_crude
17004_txt_acq
17023_txt_trade
17025_txt_acq
17035_txt_earn
17052_txt_interest
17054_txt_crude
17074_txt_trade
17075_txt_trade
17083_txt_trade
17084_txt_trade
17086_txt_acq
17115_txt_acq
17164_txt_acq
17180_txt_trade
17186_txt_trade
1718_txt_earn
17191_txt_interest
17199_txt_crude
17201_txt_trade
17212_txt_acq
17216_txt_trade
17236_txt_crude
17245_txt_trade
17250_txt_acq
17251_txt_trade
17254_txt_crude
17256_txt_trade
17269_txt_trade
17274_txt_trade
17277_txt_trade
17279_txt_trade
17282_txt_trade
17289_txt_crude
17291_txt_crude
17292_txt_interest
17298_txt_crude
1729_txt_acq
17305_txt_trade
17329_txt_crude
17333_txt_acq
17335_txt_trade
17359_txt_crude
17365_txt_crude
1739_txt_acq
17405_txt_crude
17419_txt_crude
17429_txt_crude
17431_txt_crude
17433_txt_crude
17449_txt_trade
17452_txt_trade
17470_txt_interest
17478_txt_crude
17488_txt_acq
17489_txt_earn
17506_txt_acq
17511_txt_trade
17519_txt_crude
17545_txt_earn
17573_txt_acq
17579_txt_acq
17593_txt_interest
17595_txt_acq
17616_txt_earn
17618_txt_crude
17630_txt_earn
17651_txt_acq
17659_txt_acq
17672_txt_earn
17694_txt_acq
17712_txt_earn
17716_txt_acq
17746_txt_acq
17758_txt_interest
17771_txt_crude
17780_txt_crude
17809_txt_acq
17812_txt_acq
17813_txt_crude
17816_txt_crude
17822_txt_acq
17860_txt_acq
17863_txt_acq
17864_txt_acq
17875_txt_crude
17892_txt_crude
17899_txt_interest
17929_txt_crude
17957_txt_acq
17960_txt_acq
17963_txt_crude
17967_txt_earn
17972_txt_earn
17975_txt_earn
17978_txt_acq
17981_txt_acq
1798_txt_acq
17993_txt_acq
18028_txt_earn
18040_txt_acq
18052_txt_earn
18061_txt_trade
18066_txt_crude
18075_txt_acq
1808_txt_acq
18096_txt_earn
1809_txt_trade
18104_txt_trade
18108_txt_crude
18138_txt_acq
18148_txt_trade
18155_txt_earn
18157_txt_acq
18182_txt_acq
18186_txt_crude
18205_txt_acq
18210_txt_acq
18229_txt_acq
18234_txt_crude
18238_txt_acq
18239_txt_acq
18243_txt_earn
18252_txt_acq
18302_txt_trade
18313_txt_acq
18332_txt_crude
18355_txt_earn
1835_txt_acq
18362_txt_interest
1836_txt_acq
18389_txt_crude
18419_txt_crude
18432_txt_crude
18438_txt_acq
18448_txt_crude
18465_txt_interest
18467_txt_acq
1846_txt_earn
1847_txt_acq
18488_txt_interest
18493_txt_crude
18495_txt_earn
18497_txt_earn
18519_txt_trade
18520_txt_interest
18523_txt_crude
18530_txt_acq
18549_txt_interest
18564_txt_interest
18566_txt_acq
18570_txt_acq
18577_txt_acq
18595_txt_interest
18600_txt_acq
18602_txt_earn
18621_txt_crude
18648_txt_earn
18688_txt_acq
18689_txt_crude
18698_txt_crude
18728_txt_crude
18736_txt_crude
18746_txt_crude
18754_txt_crude
1875_txt_crude
18765_txt_crude
18773_txt_crude
18774_txt_crude
18795_txt_crude
18840_txt_crude
18870_txt_earn
18875_txt_earn
18904_txt_interest
18938_txt_acq
18955_txt_earn
18986_txt_acq
19022_txt_interest
19044_txt_trade
19062_txt_trade
19069_txt_crude
19128_txt_crude
19170_txt_earn
19181_txt_acq
19191_txt_interest
19193_txt_crude
191_txt_crude
19241_txt_acq
19254_txt_earn
19273_txt_trade
19285_txt_crude
19291_txt_crude
19304_txt_earn
1932_txt_trade
19331_txt_acq
19368_txt_acq
19375_txt_earn
19377_txt_trade
19378_txt_acq
19380_txt_acq
19409_txt_acq
19424_txt_earn
19427_txt_earn
19433_txt_trade
19441_txt_acq
19448_txt_acq
19450_txt_earn
19483_txt_interest
1948_txt_crude
19492_txt_crude
19499_txt_crude
194_txt_crude
19505_txt_crude
19506_txt_crude
19509_txt_crude
19511_txt_interest
19512_txt_interest
1951_txt_trade
19529_txt_interest
19539_txt_trade
19556_txt_crude
19559_txt_crude
19560_txt_crude
19561_txt_earn
1963_txt_trade
19648_txt_earn
19657_txt_earn
19666_txt_acq
19683_txt_acq
19697_txt_acq
196_txt_earn
19704_txt_earn
19713_txt_acq
19732_txt_acq
19737_txt_acq
19744_txt_acq
19760_txt_acq
19766_txt_acq
19775_txt_interest
19784_txt_earn
19810_txt_acq
19815_txt_earn
19832_txt_crude
19833_txt_acq
19837_txt_acq
19844_txt_crude
19862_txt_earn
19880_txt_acq
19887_txt_earn
19890_txt_acq
19895_txt_acq
1990_txt_crude
19912_txt_acq
19915_txt_earn
19927_txt_crude
19935_txt_acq
19950_txt_acq
19963_txt_acq
19966_txt_earn
19998_txt_crude
20008_txt_crude
20021_txt_interest
20038_txt_interest
20039_txt_acq
20090_txt_crude
20095_txt_crude
20105_txt_earn
20118_txt_earn
20137_txt_acq
20151_txt_earn
20159_txt_interest
20165_txt_earn
20189_txt_earn
20220_txt_earn
20262_txt_interest
20270_txt_crude
20286_txt_earn
20291_txt_earn
202_txt_earn
20308_txt_earn
20319_txt_earn
20324_txt_earn
20334_txt_earn
2033_txt_earn
20344_txt_earn
20363_txt_earn
20381_txt_earn
20384_txt_earn
20385_txt_earn
20391_txt_earn
20393_txt_earn
20396_txt_acq
20412_txt_earn
20419_txt_earn
20420_txt_crude
20453_txt_earn
20455_txt_earn
20457_txt_acq
2046_txt_crude
20474_txt_crude
20479_txt_earn
20494_txt_earn
20515_txt_earn
20527_txt_earn
20529_txt_earn
20548_txt_earn
20586_txt_earn
20593_txt_earn
20634_txt_earn
20653_txt_crude
20654_txt_earn
20658_txt_earn
20660_txt_earn
20682_txt_trade
20695_txt_earn
20708_txt_earn
20709_txt_crude
20711_txt_earn
20721_txt_crude
20728_txt_earn
20736_txt_earn
20744_txt_acq
20747_txt_earn
20757_txt_trade
20766_txt_acq
20775_txt_acq
20787_txt_trade
20797_txt_acq
20802_txt_earn
20804_txt_earn
20817_txt_earn
20826_txt_earn
20837_txt_earn
20869_txt_crude
20878_txt_crude
20885_txt_earn
20888_txt_earn
20894_txt_earn
20896_txt_earn
2089_txt_earn
20917_txt_acq
20930_txt_earn
20936_txt_crude
20968_txt_earn
20973_txt_earn
21018_txt_crude
21028_txt_earn
21041_txt_acq
21042_txt_earn
21047_txt_earn
21049_txt_earn
21067_txt_crude
21071_txt_acq
2109_txt_earn
210_txt_earn
21100_txt_earn
21114_txt_earn
21131_txt_crude
21134_txt_acq
21148_txt_earn
21178_txt_earn
21189_txt_earn
21191_txt_earn
211_txt_crude
21203_txt_earn
21215_txt_earn
21219_txt_earn
2121_txt_crude
21224_txt_earn
21228_txt_acq
21238_txt_earn
21248_txt_earn
21256_txt_earn
21259_txt_earn
21260_txt_earn
21262_txt_earn
21264_txt_earn
21267_txt_crude
21283_txt_earn
21285_txt_interest
2128_txt_acq
21302_txt_earn
21315_txt_earn
21346_txt_earn
21357_txt_acq
21363_txt_crude
21373_txt_earn
21376_txt_acq
2137_txt_earn
21385_txt_earn
21386_txt_earn
21404_txt_acq
21406_txt_earn
21408_txt_acq
21412_txt_earn
21435_txt_earn
21436_txt_earn
21466_txt_acq
21491_txt_interest
2149_txt_earn
21502_txt_crude
2151_txt_acq
21541_txt_crude
21550_txt_acq
21551_txt_earn
2155_txt_interest
21562_txt_trade
21568_txt_crude
2205_txt_earn
2213_txt_earn
2219_txt_acq
2227_txt_earn
2228_txt_interest
2231_txt_crude
2236_txt_earn
2253_txt_earn
225_txt_interest
2268_txt_acq
2279_txt_earn
2298_txt_earn
2309_txt_earn
2316_txt_earn
2335_txt_earn
233_txt_interest
2342_txt_earn
2353_txt_earn
236_txt_crude
237_txt_crude
2383_txt_crude
2409_txt_earn
242_txt_crude
2449_txt_crude
246_txt_crude
2470_txt_acq
248_txt_crude
2496_txt_earn
24_txt_earn
2500_txt_acq
2517_txt_crude
2522_txt_crude
2530_txt_crude
2540_txt_acq
2552_txt_acq
2568_txt_earn
2584_txt_earn
2585_txt_crude
2596_txt_acq
2609_txt_acq
2619_txt_earn
2638_txt_acq
2663_txt_earn
2664_txt_earn
2667_txt_earn
2688_txt_crude
2693_txt_earn
2699_txt_acq
271_txt_trade
2725_txt_interest
2728_txt_acq
2729_txt_earn
273_txt_crude
2752_txt_earn
2757_txt_earn
2767_txt_crude
2775_txt_crude
2783_txt_acq
2789_txt_earn
2799_txt_acq
2802_txt_acq
2806_txt_earn
2807_txt_earn
2810_txt_acq
2850_txt_earn
2890_txt_earn
2897_txt_acq
2952_txt_interest
2953_txt_acq
2973_txt_crude
2979_txt_interest
2985_txt_trade
2998_txt_crude
299_txt_earn
3003_txt_crude
3009_txt_acq
3025_txt_acq
3039_txt_acq
3048_txt_crude
3103_txt_interest
3111_txt_interest
3115_txt_crude
3117_txt_earn
3118_txt_earn
3122_txt_interest
3189_txt_crude
3192_txt_interest
3198_txt_acq
322_txt_interest
3253_txt_interest
3261_txt_acq
3264_txt_acq
3269_txt_earn
3290_txt_acq
3295_txt_acq
3302_txt_acq
3303_txt_crude
331_txt_acq
3332_txt_crude
3342_txt_crude
3344_txt_earn
3360_txt_interest
3364_txt_crude
3371_txt_interest
3389_txt_crude
3417_txt_acq
342_txt_trade
3430_txt_crude
3441_txt_trade
3455_txt_crude
3463_txt_earn
3477_txt_acq
3507_txt_crude
3509_txt_crude
352_txt_crude
3534_txt_interest
3539_txt_interest
353_txt_crude
3542_txt_interest
354_txt_trade
3553_txt_trade
3556_txt_crude
3557_txt_earn
3563_txt_crude
3571_txt_crude
3573_txt_acq
3592_txt_crude
3594_txt_crude
3596_txt_acq
3607_txt_acq
3624_txt_earn
3629_txt_earn
3667_txt_earn
3668_txt_earn
366_txt_acq
3680_txt_earn
3702_txt_interest
3713_txt_earn
372_txt_acq
3740_txt_earn
3743_txt_earn
3751_txt_earn
3762_txt_interest
3777_txt_earn
3825_txt_interest
3841_txt_earn
3874_txt_earn
3884_txt_earn
3890_txt_earn
3902_txt_trade
3903_txt_earn
3920_txt_acq
3931_txt_trade
3939_txt_acq
393_txt_acq
3948_txt_acq
3980_txt_crude
3985_txt_crude
3991_txt_acq
4014_txt_earn
4026_txt_trade
4027_txt_trade
4028_txt_crude
4039_txt_crude
4041_txt_crude
4048_txt_trade
4067_txt_earn
4074_txt_earn
4084_txt_trade
4097_txt_earn
410_txt_earn
4115_txt_trade
4125_txt_crude
4129_txt_crude
4132_txt_earn
4141_txt_earn
4142_txt_earn
4143_txt_earn
4155_txt_earn
4172_txt_trade
4174_txt_crude
4201_txt_acq
4216_txt_earn
4235_txt_acq
4238_txt_trade
4246_txt_crude
4258_txt_earn
4273_txt_earn
4277_txt_acq
4286_txt_earn
4307_txt_earn
4341_txt_earn
4357_txt_earn
4358_txt_earn
4360_txt_acq
4361_txt_earn
4365_txt_crude
4374_txt_earn
4378_txt_earn
4384_txt_earn
4386_txt_crude
4404_txt_earn
4419_txt_earn
4425_txt_crude
4429_txt_crude
4453_txt_crude
4458_txt_interest
4465_txt_acq
4472_txt_earn
4474_txt_crude
4481_txt_crude
449_txt_earn
4510_txt_acq
4525_txt_crude
4552_txt_trade
4576_txt_crude
4581_txt_earn
4584_txt_crude
4593_txt_crude
4609_txt_crude
4621_txt_earn
4638_txt_trade
4689_txt_crude
4692_txt_earn
4733_txt_acq
4773_txt_earn
4777_txt_earn
4788_txt_earn
4791_txt_earn
4794_txt_earn
4795_txt_earn
47_txt_trade
4805_txt_earn
4810_txt_earn
4867_txt_crude
4881_txt_interest
489_txt_crude
4911_txt_earn
4914_txt_earn
4918_txt_acq
4934_txt_earn
4937_txt_acq
4970_txt_acq
4983_txt_crude
4987_txt_trade
502_txt_crude
5034_txt_earn
5050_txt_earn
5051_txt_earn
5053_txt_earn
5055_txt_earn
5057_txt_trade
5071_txt_earn
5080_txt_acq
5084_txt_earn
5091_txt_acq
5092_txt_earn
5097_txt_acq
5102_txt_acq
5118_txt_crude
5119_txt_crude
5121_txt_acq
5123_txt_crude
5125_txt_crude
5127_txt_interest
5146_txt_trade
5167_txt_crude
5171_txt_crude
5210_txt_earn
5220_txt_trade
5235_txt_interest
5236_txt_trade
5237_txt_interest
5244_txt_crude
5268_txt_crude
5270_txt_crude
5272_txt_acq
5273_txt_crude
5274_txt_trade
5276_txt_earn
5278_txt_trade
5281_txt_crude
5299_txt_acq
5308_txt_earn
5309_txt_acq
5316_txt_earn
5328_txt_earn
5351_txt_earn
5355_txt_earn
5358_txt_earn
5371_txt_trade
5376_txt_trade
5398_txt_acq
5402_txt_earn
5409_txt_acq
5416_txt_earn
5429_txt_earn
5438_txt_earn
543_txt_crude
5440_txt_earn
5444_txt_earn
5465_txt_acq
5483_txt_earn
5508_txt_trade
5511_txt_earn
5516_txt_acq
551_txt_acq
552_txt_earn
5530_txt_earn
5535_txt_earn
5543_txt_earn
5545_txt_earn
5555_txt_earn
5565_txt_earn
5575_txt_earn
5594_txt_earn
5602_txt_earn
5620_txt_earn
5643_txt_acq
5667_txt_acq
5675_txt_acq
5684_txt_trade
5692_txt_trade
5716_txt_earn
5723_txt_earn
5731_txt_earn
5739_txt_acq
5742_txt_earn
5750_txt_acq
5796_txt_crude
5810_txt_trade
5902_txt_acq
5906_txt_earn
5925_txt_earn
5950_txt_earn
5964_txt_trade
5968_txt_earn
5973_txt_trade
5993_txt_earn
6005_txt_earn
6023_txt_crude
6034_txt_acq
6035_txt_earn
6048_txt_earn
6060_txt_crude
6073_txt_earn
6090_txt_acq
6091_txt_interest
6096_txt_acq
6105_txt_earn
6111_txt_crude
6119_txt_crude
6121_txt_acq
6124_txt_acq
6125_txt_crude
6134_txt_earn
6138_txt_earn
6163_txt_crude
6166_txt_crude
6169_txt_crude
6175_txt_earn
6177_txt_crude
6178_txt_interest
6184_txt_crude
6187_txt_earn
6201_txt_crude
6211_txt_earn
6223_txt_acq
6233_txt_earn
6244_txt_earn
6248_txt_earn
6282_txt_acq
6288_txt_earn
6301_txt_crude
6313_txt_earn
6323_txt_earn
6335_txt_earn
6346_txt_acq
6348_txt_crude
6350_txt_interest
6352_txt_interest
6369_txt_interest
6422_txt_acq
6432_txt_crude
6441_txt_acq
6454_txt_earn
6456_txt_earn
6460_txt_earn
6465_txt_earn
6466_txt_earn
6473_txt_acq
6495_txt_earn
6507_txt_earn
6521_txt_earn
6525_txt_earn
6532_txt_earn
6578_txt_crude
6594_txt_earn
6598_txt_crude
6665_txt_acq
6670_txt_earn
6681_txt_earn
6732_txt_earn
6746_txt_crude
6752_txt_earn
6757_txt_trade
6763_txt_earn
6765_txt_earn
6783_txt_earn
6791_txt_crude
679_txt_acq
6810_txt_acq
6814_txt_earn
6816_txt_earn
6830_txt_earn
6837_txt_earn
6863_txt_earn
6866_txt_trade
686_txt_earn
6874_txt_acq
6884_txt_acq
6886_txt_acq
6913_txt_crude
6922_txt_interest
6930_txt_acq
6952_txt_trade
6964_txt_trade
696_txt_earn
6976_txt_trade
6996_txt_crude
7003_txt_earn
7046_txt_acq
7058_txt_earn
7065_txt_acq
7067_txt_crude
7085_txt_earn
7092_txt_earn
7097_txt_crude
7135_txt_trade
714_txt_acq
7184_txt_earn
7190_txt_earn
7192_txt_earn
7212_txt_earn
725_txt_acq
7272_txt_earn
7287_txt_crude
7305_txt_acq
7310_txt_interest
7319_txt_acq
731_txt_earn
732_txt_acq
7355_txt_crude
7398_txt_earn
7441_txt_earn
7472_txt_earn
7496_txt_crude
7531_txt_trade
7539_txt_acq
7570_txt_acq
7576_txt_earn
758_txt_earn
7600_txt_trade
7618_txt_crude
7632_txt_trade
7634_txt_earn
7635_txt_acq
7639_txt_crude
7643_txt_trade
7657_txt_earn
7684_txt_crude
7755_txt_earn
7771_txt_trade
7790_txt_earn
7802_txt_trade
7813_txt_acq
7825_txt_acq
7826_txt_earn
7847_txt_acq
7880_txt_earn
7884_txt_earn
7907_txt_trade
7922_txt_earn
7954_txt_earn
7964_txt_acq
7997_txt_acq
8005_txt_earn
8015_txt_crude
8017_txt_earn
8027_txt_earn
8044_txt_trade
8051_txt_earn
8069_txt_crude
8080_txt_trade
8089_txt_crude
8091_txt_acq
8096_txt_earn
8117_txt_crude
8125_txt_earn
8131_txt_crude
8134_txt_crude
8137_txt_interest
8138_txt_trade
8141_txt_trade
8155_txt_earn
8160_txt_crude
8167_txt_crude
8177_txt_earn
8198_txt_trade
8209_txt_crude
8212_txt_trade
8220_txt_acq
8224_txt_acq
8244_txt_trade
8252_txt_trade
8258_txt_earn
8259_txt_acq
8275_txt_earn
8292_txt_earn
8294_txt_earn
8322_txt_earn
8337_txt_earn
8344_txt_interest
8349_txt_earn
835_txt_crude
837_txt_earn
8399_txt_earn
8409_txt_earn
8435_txt_earn
8441_txt_acq
8449_txt_earn
844_txt_acq
8472_txt_acq
8480_txt_earn
848_txt_earn
8493_txt_crude
8512_txt_acq
8521_txt_earn
8530_txt_earn
853_txt_acq
8553_txt_crude
8554_txt_trade
8577_txt_earn
8579_txt_earn
8580_txt_earn
8582_txt_earn
8598_txt_crude
8599_txt_trade
8606_txt_crude
8624_txt_trade
8644_txt_earn
8666_txt_acq
8677_txt_interest
8691_txt_acq
8692_txt_trade
8699_txt_trade
8717_txt_acq
8725_txt_trade
873_txt_crude
8747_txt_trade
8750_txt_earn
8755_txt_crude
8765_txt_crude
8799_txt_earn
8802_txt_interest
8823_txt_acq
8830_txt_acq
8835_txt_crude
883_txt_earn
8849_txt_acq
8859_txt_earn
8880_txt_acq
8914_txt_crude
8935_txt_earn
8944_txt_acq
894_txt_trade
8951_txt_interest
8970_txt_earn
8972_txt_earn
8979_txt_earn
8992_txt_earn
8999_txt_earn
9012_txt_interest
901_txt_interest
9029_txt_earn
9030_txt_earn
9031_txt_crude
9045_txt_acq
904_txt_acq
9053_txt_earn
9065_txt_crude
9072_txt_earn
9076_txt_trade
9081_txt_acq
9101_txt_earn
9103_txt_earn
9110_txt_acq
9135_txt_trade
9155_txt_crude
9171_txt_trade
9181_txt_earn
9184_txt_trade
918_txt_crude
9192_txt_earn
9194_txt_trade
9208_txt_crude
9230_txt_acq
9232_txt_earn
9234_txt_acq
9238_txt_earn
9239_txt_acq
9246_txt_acq
924_txt_trade
9252_txt_acq
9253_txt_crude
925_txt_trade
9279_txt_crude
9293_txt_crude
930_txt_crude
9328_txt_earn
9332_txt_acq
9333_txt_earn
9334_txt_earn
9352_txt_earn
9372_txt_earn
9381_txt_acq
939_txt_acq
93_txt_earn
9425_txt_earn
9427_txt_earn
9443_txt_acq
9444_txt_earn
9445_txt_crude
945_txt_crude
9502_txt_earn
9527_txt_crude
952_txt_crude
9531_txt_earn
9549_txt_earn
9556_txt_earn
9588_txt_earn
9603_txt_trade
9605_txt_earn
960_txt_acq
9618_txt_earn
9642_txt_acq
9674_txt_crude
9675_txt_interest
9677_txt_acq
9697_txt_trade
96_txt_acq
9742_txt_acq
9761_txt_earn
9763_txt_trade
9810_txt_earn
9818_txt_earn
9827_txt_earn
982_txt_acq
9839_txt_earn
9841_txt_interest
9847_txt_trade
9850_txt_acq
9872_txt_acq
9896_txt_earn
9925_txt_acq
9937_txt_earn
9943_txt_interest
9988_txt_interest
998_txt_earn
